<?xml version="1.0" encoding="UTF-8"?>
<testsuite name="demoqa.TextBoxTest" tests="1" skipped="0" failures="0" errors="0" timestamp="2024-03-10T10:01:46" hostname="WIN-U8IVU11462Q" time="3.196">
  <properties/>
  <testcase name="fillFormTest()" classname="demoqa.TextBoxTest" time="3.196"/>
  <system-out><![CDATA[]]></system-out>
  <system-err><![CDATA[[Test worker] INFO com.codeborne.selenide.impl.WebDriverThreadLocalContainer - No webdriver is bound to current thread: 1 - let's create a new webdriver
[Test worker] INFO com.codeborne.selenide.impl.FileHelper - Creating folder: C:\Users\user\IdeaProjects\textBoxTest\build\downloads\1710064906532_28108_1
[Test worker] INFO com.codeborne.selenide.webdriver.WebDriverFactory - BrowserName=chrome Version=122.0.6261.112 Platform=windows
[Test worker] INFO com.codeborne.selenide.webdriver.WebDriverFactory - Selenide v. 7.2.1
[Test worker] INFO com.codeborne.selenide.webdriver.WebDriverFactory - Selenium WebDriver v. 4.18.1 build revision: b1d3319b48
[Test worker] INFO com.codeborne.selenide.drivercommands.CreateDriverCommand - Created webdriver in thread 1: ChromeDriver -> ChromeDriver: chrome on windows (afb3edbd7a6a4968757c2d8b3ca7bed7), downloadsFolder: C:\Users\user\IdeaProjects\textBoxTest\build\downloads\1710064906532_28108_1
[Test worker] INFO com.codeborne.selenide.drivercommands.DisposablesRegistry - Register WebDriverInstance[config=StaticConfig, webDriver=ChromeDriver: chrome on windows (afb3edbd7a6a4968757c2d8b3ca7bed7), proxy=null, downloadsFolder=C:\Users\user\IdeaProjects\textBoxTest\build\downloads\1710064906532_28108_1] in 1 [size=1]
[Test worker] INFO com.codeborne.selenide.drivercommands.DisposablesRegistry - Add shutdown hook in 1 [size=1]
]]></system-err>
</testsuite>
