<?xml version="1.0" encoding="UTF-8"?>
<testsuite name="demoqa.PracticeForm" tests="1" skipped="0" failures="0" errors="0" timestamp="2024-03-10T18:03:25" hostname="WIN-U8IVU11462Q" time="4.212">
  <properties/>
  <testcase name="fillPracticeForm()" classname="demoqa.PracticeForm" time="4.212"/>
  <system-out><![CDATA[]]></system-out>
  <system-err><![CDATA[[Test worker] INFO com.codeborne.selenide.impl.WebDriverThreadLocalContainer - No webdriver is bound to current thread: 1 - let's create a new webdriver
[Test worker] INFO com.codeborne.selenide.impl.FileHelper - Creating folder: C:\Users\user\IdeaProjects\textBoxTest\build\downloads\1710093805301_2856_1
[Test worker] INFO com.codeborne.selenide.webdriver.WebDriverFactory - BrowserName=chrome Version=122.0.6261.112 Platform=windows
[Test worker] INFO com.codeborne.selenide.webdriver.WebDriverFactory - Selenide v. 7.2.1
[Test worker] INFO com.codeborne.selenide.webdriver.WebDriverFactory - Selenium WebDriver v. 4.18.1 build revision: b1d3319b48
[Test worker] INFO com.codeborne.selenide.drivercommands.CreateDriverCommand - Created webdriver in thread 1: ChromeDriver -> ChromeDriver: chrome on windows (c7fb0001deb8dbe45f0a4101bc9092c5), downloadsFolder: C:\Users\user\IdeaProjects\textBoxTest\build\downloads\1710093805301_2856_1
[Test worker] INFO com.codeborne.selenide.drivercommands.DisposablesRegistry - Register WebDriverInstance[config=StaticConfig, webDriver=ChromeDriver: chrome on windows (c7fb0001deb8dbe45f0a4101bc9092c5), proxy=null, downloadsFolder=C:\Users\user\IdeaProjects\textBoxTest\build\downloads\1710093805301_2856_1] in 1 [size=1]
[Test worker] INFO com.codeborne.selenide.drivercommands.DisposablesRegistry - Add shutdown hook in 1 [size=1]
]]></system-err>
</testsuite>
