<?xml version="1.0" encoding="UTF-8"?>
<testsuite name="demoqa.PracticeFormWithPageObjectTests" tests="1" skipped="0" failures="0" errors="0" timestamp="2024-03-11T12:34:03" hostname="WIN-U8IVU11462Q" time="4.358">
  <properties/>
  <testcase name="fillPracticeForm()" classname="demoqa.PracticeFormWithPageObjectTests" time="4.358"/>
  <system-out><![CDATA[]]></system-out>
  <system-err><![CDATA[[Test worker] INFO com.codeborne.selenide.impl.WebDriverThreadLocalContainer - No webdriver is bound to current thread: 1 - let's create a new webdriver
[Test worker] INFO com.codeborne.selenide.impl.FileHelper - Creating folder: C:\Users\user\IdeaProjects\textBoxTest\build\downloads\1710160443682_20584_1
[Test worker] INFO com.codeborne.selenide.webdriver.WebDriverFactory - BrowserName=chrome Version=122.0.6261.112 Platform=windows
[Test worker] INFO com.codeborne.selenide.webdriver.WebDriverFactory - Selenide v. 7.2.1
[Test worker] INFO com.codeborne.selenide.webdriver.WebDriverFactory - Selenium WebDriver v. 4.18.1 build revision: b1d3319b48
[Test worker] INFO com.codeborne.selenide.drivercommands.CreateDriverCommand - Created webdriver in thread 1: ChromeDriver -> ChromeDriver: chrome on windows (20d47a8bb4ff43f103fdb947851ff1db), downloadsFolder: C:\Users\user\IdeaProjects\textBoxTest\build\downloads\1710160443682_20584_1
[Test worker] INFO com.codeborne.selenide.drivercommands.DisposablesRegistry - Register WebDriverInstance[config=StaticConfig, webDriver=ChromeDriver: chrome on windows (20d47a8bb4ff43f103fdb947851ff1db), proxy=null, downloadsFolder=C:\Users\user\IdeaProjects\textBoxTest\build\downloads\1710160443682_20584_1] in 1 [size=1]
[Test worker] INFO com.codeborne.selenide.drivercommands.DisposablesRegistry - Add shutdown hook in 1 [size=1]
]]></system-err>
</testsuite>
